0 info it worked if it ends with ok
1 verbose cli [ '/home/vagrant/.nvm/v0.10.32/bin/node',
1 verbose cli   '/home/vagrant/.nvm/v0.10.32/bin/npm',
1 verbose cli   'shrinkwrap' ]
2 info using npm@1.4.28
3 info using node@v0.10.32
4 error Error: Problems were encountered
4 error Please correct and try again.
4 error extraneous: redis@0.12.1 /data/derby-demos/node_modules/redis
4 error     at shrinkwrap_ (/home/vagrant/.nvm/v0.10.32/lib/node_modules/npm/lib/shrinkwrap.js:30:15)
4 error     at /home/vagrant/.nvm/v0.10.32/lib/node_modules/npm/lib/shrinkwrap.js:24:5
4 error     at /home/vagrant/.nvm/v0.10.32/lib/node_modules/npm/lib/ls.js:45:30
4 error     at /home/vagrant/.nvm/v0.10.32/lib/node_modules/npm/node_modules/read-installed/read-installed.js:130:5
4 error     at /home/vagrant/.nvm/v0.10.32/lib/node_modules/npm/node_modules/read-installed/read-installed.js:244:14
4 error     at cb (/home/vagrant/.nvm/v0.10.32/lib/node_modules/npm/node_modules/slide/lib/async-map.js:47:24)
4 error     at /home/vagrant/.nvm/v0.10.32/lib/node_modules/npm/node_modules/read-installed/read-installed.js:244:14
4 error     at cb (/home/vagrant/.nvm/v0.10.32/lib/node_modules/npm/node_modules/slide/lib/async-map.js:47:24)
4 error     at /home/vagrant/.nvm/v0.10.32/lib/node_modules/npm/node_modules/read-installed/read-installed.js:244:14
4 error     at cb (/home/vagrant/.nvm/v0.10.32/lib/node_modules/npm/node_modules/slide/lib/async-map.js:47:24)
5 error If you need help, you may report this *entire* log,
5 error including the npm and node versions, at:
5 error     <http://github.com/npm/npm/issues>
6 error System Linux 3.2.0-23-generic
7 error command "/home/vagrant/.nvm/v0.10.32/bin/node" "/home/vagrant/.nvm/v0.10.32/bin/npm" "shrinkwrap"
8 error cwd /data/derby-demos
9 error node -v v0.10.32
10 error npm -v 1.4.28
11 verbose exit [ 1, true ]
